SF:lib/shared/repositories/item_repository.dart
DA:8,1
DA:10,1
DA:12,3
DA:14,1
DA:15,2
DA:16,2
LF:6
LH:6
end_of_record
SF:lib/shared/utils/api_constants.dart
DA:2,0
DA:5,0
DA:6,0
DA:8,1
LF:4
LH:1
end_of_record
SF:lib/shared/models/pokemon.dart
DA:26,0
DA:51,0
DA:53,0
DA:54,0
DA:56,0
DA:57,0
DA:59,0
DA:60,0
DA:61,0
DA:62,0
DA:64,0
DA:65,0
DA:67,0
DA:68,0
DA:69,0
DA:70,0
DA:72,0
DA:73,0
DA:74,0
DA:75,0
DA:77,0
DA:78,0
DA:79,0
DA:80,0
DA:82,0
DA:83,0
DA:85,1
DA:86,2
DA:87,2
DA:88,2
DA:89,3
DA:90,3
DA:91,3
DA:92,3
DA:93,2
DA:94,2
DA:95,2
DA:96,3
DA:97,3
DA:98,3
DA:99,2
DA:100,3
DA:101,3
DA:103,2
DA:104,3
DA:105,3
DA:107,2
DA:108,2
DA:109,0
DA:111,2
DA:112,3
DA:113,3
DA:115,2
DA:116,2
DA:117,0
DA:119,3
DA:120,2
DA:121,3
DA:122,3
DA:124,2
DA:125,3
DA:126,1
DA:127,5
DA:128,1
DA:131,1
DA:134,1
DA:135,3
DA:136,3
DA:138,0
DA:139,0
DA:141,0
DA:143,0
DA:144,0
DA:145,0
DA:146,0
DA:147,0
DA:148,0
DA:149,0
DA:150,0
DA:151,0
DA:152,0
DA:153,0
DA:154,0
DA:155,0
DA:156,0
DA:157,0
DA:158,0
DA:159,0
DA:160,0
DA:161,0
DA:162,0
DA:163,0
DA:164,0
DA:165,0
DA:181,0
DA:183,0
DA:185,0
DA:187,0
DA:189,0
DA:191,0
DA:193,0
DA:195,0
DA:197,0
DA:204,0
DA:206,0
DA:208,0
DA:210,0
DA:212,0
DA:214,0
DA:216,0
DA:218,0
DA:220,0
DA:235,0
DA:242,1
DA:243,2
DA:244,2
DA:245,1
DA:247,2
DA:248,1
DA:250,2
DA:251,1
DA:253,2
DA:254,1
DA:263,0
DA:268,1
DA:269,5
DA:270,2
DA:271,3
DA:272,3
DA:283,0
DA:285,1
DA:286,1
DA:287,5
DA:288,1
DA:289,2
DA:300,0
DA:308,1
DA:309,2
DA:310,2
DA:311,2
DA:312,2
DA:313,2
DA:321,0
DA:323,1
DA:324,2
DA:325,2
DA:328,0
DA:329,0
DA:330,0
DA:331,0
DA:346,0
DA:354,1
DA:355,2
DA:356,2
DA:357,2
DA:358,2
DA:359,1
DA:360,5
DA:361,1
DA:362,2
DA:374,0
DA:380,0
DA:381,0
DA:382,0
DA:383,0
DA:384,0
DA:385,0
DA:386,0
DA:394,0
DA:396,1
DA:397,3
DA:398,2
DA:411,0
DA:420,1
DA:421,2
DA:422,2
DA:423,2
DA:424,2
DA:425,2
DA:426,2
DA:427,2
DA:437,0
DA:443,1
DA:444,2
DA:445,2
DA:446,2
DA:447,2
DA:460,0
DA:469,1
DA:470,2
DA:471,3
DA:472,3
DA:474,2
DA:475,3
DA:476,3
DA:478,2
DA:479,3
DA:480,3
DA:482,2
DA:483,3
DA:484,3
DA:486,2
DA:487,3
DA:488,3
DA:490,2
DA:491,2
DA:492,0
DA:494,2
DA:495,2
DA:496,0
DA:512,0
DA:524,1
DA:525,2
DA:526,2
DA:527,2
DA:528,2
DA:529,2
DA:530,2
DA:531,2
DA:532,2
DA:533,2
LF:221
LH:124
end_of_record
SF:lib/shared/models/pokemon_filter.dart
DA:11,1
DA:17,1
DA:22,1
DA:23,1
DA:24,1
DA:26,1
DA:30,1
DA:33,1
DA:35,5
DA:36,1
DA:39,1
DA:41,7
DA:44,1
DA:45,3
DA:47,2
DA:48,1
DA:49,1
DA:50,3
DA:51,3
DA:52,1
LF:20
LH:20
end_of_record
SF:lib/shared/models/pokemon_summary.dart
DA:13,0
DA:23,1
DA:24,2
DA:25,2
DA:26,2
DA:27,2
DA:28,3
DA:29,3
DA:30,2
DA:31,1
DA:32,5
DA:33,1
LF:12
LH:11
end_of_record
SF:lib/shared/repositories/pokemon_repository.dart
DA:10,0
DA:13,0
DA:15,0
DA:16,0
DA:17,0
DA:25,0
DA:27,0
DA:28,0
DA:31,0
DA:40,0
DA:42,0
DA:43,0
DA:49,0
DA:52,0
DA:54,0
DA:55,0
LF:16
LH:0
end_of_record
SF:lib/shared/stores/pokemon_store/pokemon_store.g.dart
DA:14,1
DA:15,1
DA:16,3
DA:18,1
DA:21,1
DA:23,4
DA:25,1
DA:28,1
DA:29,1
DA:30,3
DA:32,1
DA:35,1
DA:36,1
DA:37,3
DA:38,1
DA:41,1
DA:42,1
DA:43,3
DA:45,1
DA:48,1
DA:50,2
DA:51,2
DA:53,1
DA:55,1
DA:56,2
DA:58,1
DA:60,2
DA:61,1
DA:64,1
DA:66,4
DA:67,1
DA:71,1
DA:72,2
DA:74,1
DA:76,2
DA:77,1
DA:80,1
DA:82,4
DA:83,1
DA:87,2
DA:88,1
DA:90,1
DA:92,2
DA:93,1
DA:96,1
DA:98,1
DA:99,3
DA:100,1
DA:104,1
DA:105,2
DA:107,1
DA:109,2
DA:110,1
DA:113,1
DA:115,4
DA:116,1
DA:120,1
DA:121,2
DA:123,1
DA:125,2
DA:126,1
DA:129,1
DA:131,4
DA:132,1
DA:136,1
DA:137,2
DA:139,1
DA:141,2
DA:142,1
DA:145,1
DA:147,4
DA:148,1
DA:152,1
DA:153,2
DA:155,1
DA:157,4
DA:160,1
DA:161,2
DA:163,1
DA:165,4
DA:168,1
DA:169,2
DA:171,1
DA:173,2
DA:176,1
DA:178,2
DA:182,1
DA:184,2
DA:187,1
DA:189,2
DA:193,1
DA:195,2
DA:198,1
DA:200,2
DA:204,1
DA:206,2
DA:209,1
DA:211,2
DA:215,1
DA:217,2
DA:220,1
DA:222,2
DA:226,1
DA:228,2
DA:231,1
DA:233,2
DA:237,1
DA:239,2
DA:242,1
DA:244,2
DA:248,1
DA:250,2
DA:253,1
DA:255,2
DA:259,0
DA:262,0
DA:263,0
DA:264,0
DA:265,0
DA:266,0
DA:267,0
DA:268,0
LF:122
LH:114
end_of_record
SF:lib/shared/stores/pokemon_store/pokemon_store.dart
DA:33,1
DA:34,1
DA:36,1
DA:37,1
DA:39,1
DA:41,3
DA:44,1
DA:46,7
DA:48,1
DA:49,1
DA:51,1
DA:53,1
DA:55,1
DA:57,3
DA:60,7
DA:62,1
DA:64,4
DA:66,3
DA:67,5
DA:69,1
DA:70,1
DA:72,3
DA:76,1
DA:79,2
DA:81,5
DA:83,2
DA:84,2
DA:85,4
DA:88,2
DA:90,2
DA:91,5
DA:94,1
DA:97,5
DA:99,1
DA:100,2
DA:101,1
DA:102,3
DA:105,2
DA:106,3
DA:109,1
DA:111,1
DA:112,2
DA:115,1
DA:117,2
DA:118,2
DA:119,2
DA:122,1
DA:124,3
DA:127,1
DA:129,2
DA:130,2
DA:131,2
DA:134,1
DA:136,1
DA:137,2
DA:140,1
DA:142,2
DA:143,2
DA:144,2
DA:147,1
DA:149,3
DA:151,1
DA:154,1
DA:156,7
DA:158,2
DA:161,1
DA:163,7
DA:165,2
DA:168,3
DA:170,1
DA:172,5
DA:174,1
DA:177,1
DA:178,2
DA:180,3
DA:181,4
DA:182,1
LF:77
LH:77
end_of_record
SF:lib/shared/models/item.dart
DA:9,2
DA:16,0
DA:22,0
DA:23,0
DA:24,0
DA:25,0
DA:26,0
DA:30,0
DA:31,0
DA:32,0
DA:33,0
DA:34,0
DA:35,0
DA:39,1
DA:40,1
DA:41,1
DA:42,1
DA:43,1
DA:44,1
DA:48,0
DA:50,0
DA:52,0
DA:54,0
DA:57,0
DA:61,0
DA:62,0
DA:63,0
DA:64,0
DA:65,0
DA:68,0
DA:70,0
DA:71,0
DA:72,0
DA:73,0
LF:34
LH:7
end_of_record
SF:lib/shared/stores/item_store/item_store.g.dart
DA:14,1
DA:15,1
DA:16,3
DA:17,1
DA:20,1
DA:21,1
DA:22,3
DA:23,1
DA:25,1
DA:26,2
DA:28,1
DA:30,2
DA:31,1
DA:34,1
DA:36,4
DA:37,1
DA:41,1
DA:42,2
DA:44,1
DA:46,2
DA:47,1
DA:50,1
DA:52,4
DA:53,1
DA:57,1
DA:58,2
DA:60,1
DA:62,4
DA:65,1
DA:66,2
DA:68,1
DA:70,2
DA:73,1
DA:75,2
DA:79,1
DA:81,2
DA:84,1
DA:86,2
DA:90,0
DA:93,0
DA:94,0
DA:95,0
LF:42
LH:38
end_of_record
SF:lib/shared/stores/item_store/item_store.dart
DA:19,1
DA:20,1
DA:22,1
DA:24,1
DA:25,1
DA:26,7
DA:27,1
DA:30,1
DA:33,1
DA:35,1
DA:38,1
DA:40,1
DA:43,1
DA:45,3
LF:14
LH:14
end_of_record
SF:lib/shared/ui/enums/device_screen_type.dart
DA:5,1
DA:6,2
DA:7,2
DA:9,1
DA:10,2
DA:12,2
DA:18,2
DA:20,2
LF:8
LH:8
end_of_record
SF:lib/shared/ui/widgets/animated_pokeball.dart
DA:10,2
DA:12,2
DA:14,2
DA:15,2
DA:22,2
DA:24,2
DA:26,2
DA:27,4
DA:28,2
DA:31,2
DA:33,4
DA:35,2
DA:38,2
DA:40,2
DA:41,2
DA:42,2
DA:43,2
DA:44,8
DA:48,2
DA:49,2
DA:50,4
DA:51,8
DA:53,6
LF:23
LH:23
end_of_record
SF:lib/shared/ui/widgets/app_bar.dart
DA:14,1
DA:15,1
DA:17,1
DA:18,1
DA:22,1
DA:24,2
DA:26,1
DA:33,2
DA:34,1
DA:35,1
DA:36,1
DA:37,1
DA:38,0
DA:39,0
DA:41,1
DA:42,2
DA:46,2
DA:47,1
DA:49,2
DA:50,1
DA:52,3
DA:54,1
DA:55,1
DA:56,1
DA:57,1
DA:58,1
DA:60,2
DA:62,1
DA:65,4
DA:67,0
DA:68,0
DA:72,0
DA:73,0
DA:74,0
LF:34
LH:27
end_of_record
SF:lib/theme/light/light_theme.dart
DA:3,6
DA:6,2
DA:7,2
DA:11,2
DA:13,2
DA:18,2
DA:22,2
DA:24,2
DA:28,2
DA:30,2
DA:34,2
DA:36,2
DA:40,2
DA:42,2
DA:46,2
DA:48,2
DA:52,2
DA:54,2
DA:58,2
LF:19
LH:19
end_of_record
SF:lib/theme/app_theme.dart
DA:7,4
DA:15,0
DA:19,0
DA:20,0
DA:22,0
DA:23,0
DA:25,0
DA:30,2
DA:31,2
DA:32,2
DA:33,2
DA:34,2
DA:35,2
DA:36,4
DA:38,0
DA:39,0
DA:40,0
DA:41,0
DA:42,0
DA:43,0
DA:44,0
DA:45,0
DA:46,0
DA:47,0
DA:48,0
DA:50,0
DA:54,1
DA:56,1
DA:57,0
DA:58,1
DA:59,0
DA:60,1
DA:61,1
DA:62,0
DA:63,0
DA:64,0
DA:65,0
DA:66,0
DA:67,0
DA:68,0
DA:69,0
DA:70,0
DA:71,0
DA:72,0
DA:73,0
DA:74,0
DA:75,0
DA:76,0
DA:77,0
DA:78,0
DA:79,0
DA:80,0
DA:81,0
DA:82,0
DA:83,0
DA:84,0
DA:85,0
DA:86,0
DA:87,0
DA:88,0
DA:89,0
DA:90,0
DA:91,0
DA:99,3
DA:101,4
DA:102,12
LF:66
LH:16
end_of_record
SF:lib/shared/utils/app_constants.dart
DA:4,0
DA:5,0
DA:6,1
DA:7,0
DA:8,1
DA:10,0
DA:11,0
DA:13,0
DA:14,0
DA:17,0
DA:38,1
DA:39,1
DA:41,1
DA:42,1
DA:43,0
DA:44,1
DA:45,0
DA:46,1
DA:47,0
DA:48,1
DA:49,0
DA:50,1
DA:51,0
DA:52,1
DA:53,0
DA:54,1
DA:55,0
DA:56,1
DA:57,0
DA:58,1
DA:59,0
DA:60,1
DA:61,0
DA:62,1
DA:63,0
DA:64,1
DA:65,0
DA:66,1
DA:67,0
DA:68,1
DA:69,0
DA:70,1
DA:71,0
DA:72,1
DA:73,0
DA:74,1
DA:75,0
DA:76,1
DA:77,1
LF:49
LH:24
end_of_record
SF:lib/modules/home/home_page_store.g.dart
DA:14,0
DA:16,0
DA:18,0
DA:21,0
DA:23,0
DA:25,0
DA:28,0
DA:29,0
DA:30,0
DA:32,0
DA:35,0
DA:37,0
DA:39,0
DA:42,0
DA:44,0
DA:46,0
DA:51,0
DA:53,0
DA:54,0
DA:57,0
DA:59,0
DA:60,0
DA:67,0
DA:69,0
DA:70,0
DA:73,0
DA:75,0
DA:76,0
DA:83,0
DA:85,0
DA:86,0
DA:89,0
DA:91,0
DA:92,0
DA:99,0
DA:101,0
DA:102,0
DA:105,0
DA:107,0
DA:108,0
DA:115,0
DA:117,0
DA:118,0
DA:121,0
DA:123,0
DA:124,0
DA:131,0
DA:133,0
DA:136,0
DA:138,0
DA:142,0
DA:144,0
DA:147,0
DA:149,0
DA:153,0
DA:155,0
DA:158,0
DA:160,0
DA:164,0
DA:166,0
DA:169,0
DA:171,0
DA:175,0
DA:177,0
DA:180,0
DA:182,0
DA:186,0
DA:188,0
DA:191,0
DA:193,0
DA:197,0
DA:199,0
DA:202,0
DA:204,0
DA:208,0
DA:210,0
DA:213,0
DA:215,0
DA:219,0
DA:222,0
DA:223,0
DA:224,0
DA:225,0
DA:226,0
DA:227,0
LF:85
LH:0
end_of_record
SF:lib/modules/home/home_page_store.dart
DA:16,0
DA:17,0
DA:18,0
DA:25,0
DA:27,0
DA:29,0
DA:53,0
DA:54,0
DA:56,0
DA:57,0
DA:59,0
DA:60,0
DA:62,0
DA:63,0
DA:65,0
DA:66,0
DA:68,0
DA:70,0
DA:73,0
DA:75,0
DA:76,0
DA:79,0
DA:81,0
DA:84,0
DA:86,0
DA:89,0
DA:91,0
DA:94,0
DA:96,0
DA:99,0
DA:101,0
DA:104,0
DA:106,0
LF:33
LH:0
end_of_record
SF:lib/shared/ui/canvas/white_pokeball_canvas.dart
DA:6,3
DA:8,3
DA:10,3
DA:11,12
DA:12,15
DA:13,3
DA:14,6
DA:15,6
DA:16,6
DA:17,6
DA:18,6
DA:19,6
DA:20,3
DA:21,6
DA:22,6
DA:23,6
DA:24,6
DA:25,6
DA:26,6
DA:27,9
DA:28,3
DA:29,6
DA:30,6
DA:31,6
DA:32,6
DA:33,6
DA:34,6
DA:35,3
DA:36,6
DA:37,6
DA:38,6
DA:39,6
DA:40,3
DA:41,6
DA:42,3
DA:43,15
DA:44,15
DA:45,3
DA:46,6
DA:47,6
DA:48,6
DA:49,6
DA:50,6
DA:51,6
DA:52,3
DA:53,6
DA:54,6
DA:55,6
DA:56,6
DA:57,6
DA:58,6
DA:59,15
DA:60,15
DA:61,12
DA:62,3
DA:63,6
DA:65,6
DA:66,6
DA:67,6
DA:68,6
DA:69,3
DA:70,15
DA:71,3
DA:72,6
DA:73,6
DA:74,6
DA:75,6
DA:76,6
DA:77,6
DA:78,3
DA:79,6
DA:80,6
DA:81,6
DA:82,6
DA:83,6
DA:84,6
DA:85,3
DA:86,6
DA:87,6
DA:88,6
DA:89,6
DA:90,6
DA:91,6
DA:92,3
DA:93,6
DA:94,6
DA:95,6
DA:96,6
DA:97,6
DA:98,6
DA:99,3
DA:101,6
DA:102,6
DA:103,3
DA:106,0
LF:95
LH:94
end_of_record
SF:lib/shared/ui/widgets/drawer_menu/drawer_menu.dart
DA:11,2
DA:13,1
DA:14,1
DA:23,1
DA:25,1
DA:26,2
DA:27,1
DA:29,1
DA:32,1
DA:34,2
DA:35,1
DA:38,1
DA:40,2
DA:42,1
DA:43,2
DA:44,1
DA:45,1
DA:46,1
DA:48,1
DA:49,1
DA:50,1
DA:51,1
DA:52,1
DA:56,1
DA:58,1
DA:59,1
DA:60,2
DA:65,2
DA:70,1
DA:75,1
DA:76,1
DA:77,2
DA:79,1
DA:80,1
DA:82,2
DA:85,1
DA:86,2
DA:88,1
DA:89,1
DA:91,2
DA:94,1
DA:95,2
DA:97,1
DA:98,2
DA:100,1
DA:101,2
DA:103,1
DA:104,2
DA:110,1
DA:112,1
DA:113,1
LF:51
LH:51
end_of_record
SF:lib/shared/ui/widgets/drawer_menu/widgets/drawer_menu_item.dart
DA:13,2
DA:20,2
DA:22,2
DA:24,4
DA:26,2
DA:28,2
DA:29,2
DA:30,2
DA:31,0
DA:32,0
DA:34,2
DA:35,2
DA:36,2
DA:37,2
DA:38,4
DA:39,2
DA:41,2
DA:42,2
DA:43,2
DA:44,2
DA:45,2
DA:48,2
DA:50,2
DA:53,2
DA:56,2
DA:58,2
DA:61,2
DA:63,2
DA:64,2
DA:66,2
DA:67,2
DA:69,4
LF:32
LH:30
end_of_record
SF:lib/shared/ui/widgets/pokeball.dart
DA:8,2
DA:9,2
DA:11,2
DA:13,2
DA:14,6
DA:15,2
DA:16,2
LF:7
LH:7
end_of_record
SF:lib/theme/light/app_colors_light.dart
DA:6,4
DA:8,1
DA:9,2
DA:11,0
DA:12,0
DA:14,0
DA:15,0
DA:17,2
DA:18,2
DA:20,0
DA:21,0
DA:23,0
DA:24,0
DA:26,0
DA:27,0
DA:29,0
DA:30,0
DA:32,1
DA:33,1
LF:19
LH:7
end_of_record
SF:lib/theme/dark/app_colors_dark.dart
DA:6,4
DA:8,0
DA:9,0
DA:11,0
DA:12,0
DA:14,0
DA:15,0
DA:17,0
DA:18,0
DA:20,0
DA:21,0
DA:23,0
DA:24,0
DA:26,0
DA:27,0
DA:29,0
DA:30,0
DA:32,0
DA:33,0
LF:19
LH:1
end_of_record
SF:lib/shared/ui/widgets/pokemon_type_badge.dart
DA:12,1
DA:19,1
DA:21,1
DA:23,2
DA:25,1
DA:28,1
DA:29,1
DA:30,1
DA:31,1
DA:32,1
DA:33,4
DA:34,1
DA:35,1
DA:37,1
DA:38,3
DA:39,1
DA:40,3
DA:42,1
DA:45,1
DA:46,1
DA:48,1
DA:49,1
DA:51,2
LF:23
LH:23
end_of_record
